[2025-05-12 20:21:19] development.ERROR: Carbon\Carbon::setLastErrors(): Argument #1 ($lastErrors) must be of type array, bool given, called in C:\xampp\htdocs\ebook\vendor\nesbot\carbon\src\Carbon\Traits\Creator.php on line 98 {"exception":"[object] (TypeError(code: 0): Carbon\\Carbon::setLastErrors(): Argument #1 ($lastErrors) must be of type array, bool given, called in C:\\xampp\\htdocs\\ebook\\vendor\\nesbot\\carbon\\src\\Carbon\\Traits\\Creator.php on line 98 at C:\\xampp\\htdocs\\ebook\\vendor\\nesbot\\carbon\\src\\Carbon\\Traits\\Creator.php:928)
[stacktrace]
#0 C:\\xampp\\htdocs\\ebook\\vendor\\nesbot\\carbon\\src\\Carbon\\Traits\\Creator.php(98): Carbon\\Carbon::setLastErrors(false)
#1 C:\\xampp\\htdocs\\ebook\\vendor\\nesbot\\carbon\\src\\Carbon\\Traits\\Creator.php(252): Carbon\\Carbon->__construct(NULL, NULL)
#2 C:\\xampp\\htdocs\\ebook\\vendor\\laravel\\framework\\src\\Illuminate\\Support\\DateFactory.php(217): Carbon\\Carbon::now()
#3 C:\\xampp\\htdocs\\ebook\\vendor\\laravel\\framework\\src\\Illuminate\\Support\\Facades\\Facade.php(261): Illuminate\\Support\\DateFactory->__call('now', Array)
#4 C:\\xampp\\htdocs\\ebook\\vendor\\laravel\\framework\\src\\Illuminate\\Console\\Scheduling\\ScheduleRunCommand.php(73): Illuminate\\Support\\Facades\\Facade::__callStatic('now', Array)
#5 [internal function]: Illuminate\\Console\\Scheduling\\ScheduleRunCommand->__construct()
#6 C:\\xampp\\htdocs\\ebook\\vendor\\laravel\\framework\\src\\Illuminate\\Container\\Container.php(917): ReflectionClass->newInstanceArgs(Array)
#7 C:\\xampp\\htdocs\\ebook\\vendor\\laravel\\framework\\src\\Illuminate\\Container\\Container.php(292): Illuminate\\Container\\Container->build('Illuminate\\\\Cons...')
#8 C:\\xampp\\htdocs\\ebook\\vendor\\laravel\\framework\\src\\Illuminate\\Container\\Container.php(873): Illuminate\\Container\\Container->Illuminate\\Container\\{closure}(Object(Illuminate\\Foundation\\Application), Array)
#9 C:\\xampp\\htdocs\\ebook\\vendor\\laravel\\framework\\src\\Illuminate\\Container\\Container.php(758): Illuminate\\Container\\Container->build(Object(Closure))
#10 C:\\xampp\\htdocs\\ebook\\vendor\\laravel\\framework\\src\\Illuminate\\Foundation\\Application.php(851): Illuminate\\Container\\Container->resolve('Illuminate\\\\Cons...', Array, true)
#11 C:\\xampp\\htdocs\\ebook\\vendor\\laravel\\framework\\src\\Illuminate\\Container\\Container.php(694): Illuminate\\Foundation\\Application->resolve('Illuminate\\\\Cons...', Array)
#12 C:\\xampp\\htdocs\\ebook\\vendor\\laravel\\framework\\src\\Illuminate\\Foundation\\Application.php(836): Illuminate\\Container\\Container->make('Illuminate\\\\Cons...', Array)
#13 C:\\xampp\\htdocs\\ebook\\vendor\\laravel\\framework\\src\\Illuminate\\Console\\Application.php(262): Illuminate\\Foundation\\Application->make('Illuminate\\\\Cons...')
#14 C:\\xampp\\htdocs\\ebook\\vendor\\laravel\\framework\\src\\Illuminate\\Console\\Application.php(276): Illuminate\\Console\\Application->resolve('Illuminate\\\\Cons...')
#15 C:\\xampp\\htdocs\\ebook\\vendor\\laravel\\framework\\src\\Illuminate\\Support\\ServiceProvider.php(404): Illuminate\\Console\\Application->resolveCommands(Array)
#16 C:\\xampp\\htdocs\\ebook\\vendor\\laravel\\framework\\src\\Illuminate\\Console\\Application.php(153): Illuminate\\Support\\ServiceProvider->Illuminate\\Support\\{closure}(Object(Illuminate\\Console\\Application))
#17 C:\\xampp\\htdocs\\ebook\\vendor\\laravel\\framework\\src\\Illuminate\\Console\\Application.php(74): Illuminate\\Console\\Application->bootstrap()
#18 C:\\xampp\\htdocs\\ebook\\vendor\\laravel\\framework\\src\\Illuminate\\Foundation\\Console\\Kernel.php(330): Illuminate\\Console\\Application->__construct(Object(Illuminate\\Foundation\\Application), Object(Illuminate\\Events\\Dispatcher), '8.83.23')
#19 C:\\xampp\\htdocs\\ebook\\vendor\\laravel\\framework\\src\\Illuminate\\Foundation\\Console\\Kernel.php(263): Illuminate\\Foundation\\Console\\Kernel->getArtisan()
#20 C:\\xampp\\htdocs\\ebook\\vendor\\laravel\\framework\\src\\Illuminate\\Support\\Facades\\Facade.php(261): Illuminate\\Foundation\\Console\\Kernel->call('view:clear')
#21 C:\\xampp\\htdocs\\ebook\\app\\Updater.php(29): Illuminate\\Support\\Facades\\Facade::__callStatic('call', Array)
#22 C:\\xampp\\htdocs\\ebook\\app\\Updater.php(15): App\\Updater::runClearCache()
#23 C:\\xampp\\htdocs\\ebook\\app\\Http\\Middleware\\RunUpdater.php(20): App\\Updater::run()
#24 C:\\xampp\\htdocs\\ebook\\vendor\\laravel\\framework\\src\\Illuminate\\Pipeline\\Pipeline.php(167): App\\Http\\Middleware\\RunUpdater->handle(Object(Illuminate\\Http\\Request), Object(Closure))
#25 C:\\xampp\\htdocs\\ebook\\app\\Http\\Middleware\\RedirectIfNotInstalled.php(22): Illuminate\\Pipeline\\Pipeline->Illuminate\\Pipeline\\{closure}(Object(Illuminate\\Http\\Request))
#26 C:\\xampp\\htdocs\\ebook\\vendor\\laravel\\framework\\src\\Illuminate\\Pipeline\\Pipeline.php(167): App\\Http\\Middleware\\RedirectIfNotInstalled->handle(Object(Illuminate\\Http\\Request), Object(Closure))
#27 C:\\xampp\\htdocs\\ebook\\vendor\\fideloper\\proxy\\src\\TrustProxies.php(57): Illuminate\\Pipeline\\Pipeline->Illuminate\\Pipeline\\{closure}(Object(Illuminate\\Http\\Request))
#28 C:\\xampp\\htdocs\\ebook\\vendor\\laravel\\framework\\src\\Illuminate\\Pipeline\\Pipeline.php(167): Fideloper\\Proxy\\TrustProxies->handle(Object(Illuminate\\Http\\Request), Object(Closure))
#29 C:\\xampp\\htdocs\\ebook\\vendor\\laravel\\framework\\src\\Illuminate\\Foundation\\Http\\Middleware\\TransformsRequest.php(21): Illuminate\\Pipeline\\Pipeline->Illuminate\\Pipeline\\{closure}(Object(Illuminate\\Http\\Request))
#30 C:\\xampp\\htdocs\\ebook\\vendor\\laravel\\framework\\src\\Illuminate\\Foundation\\Http\\Middleware\\ConvertEmptyStringsToNull.php(31): Illuminate\\Foundation\\Http\\Middleware\\TransformsRequest->handle(Object(Illuminate\\Http\\Request), Object(Closure))
#31 C:\\xampp\\htdocs\\ebook\\vendor\\laravel\\framework\\src\\Illuminate\\Pipeline\\Pipeline.php(167): Illuminate\\Foundation\\Http\\Middleware\\ConvertEmptyStringsToNull->handle(Object(Illuminate\\Http\\Request), Object(Closure))
#32 C:\\xampp\\htdocs\\ebook\\vendor\\laravel\\framework\\src\\Illuminate\\Foundation\\Http\\Middleware\\TransformsRequest.php(21): Illuminate\\Pipeline\\Pipeline->Illuminate\\Pipeline\\{closure}(Object(Illuminate\\Http\\Request))
#33 C:\\xampp\\htdocs\\ebook\\vendor\\laravel\\framework\\src\\Illuminate\\Foundation\\Http\\Middleware\\TrimStrings.php(40): Illuminate\\Foundation\\Http\\Middleware\\TransformsRequest->handle(Object(Illuminate\\Http\\Request), Object(Closure))
#34 C:\\xampp\\htdocs\\ebook\\vendor\\laravel\\framework\\src\\Illuminate\\Pipeline\\Pipeline.php(167): Illuminate\\Foundation\\Http\\Middleware\\TrimStrings->handle(Object(Illuminate\\Http\\Request), Object(Closure))
#35 C:\\xampp\\htdocs\\ebook\\vendor\\laravel\\framework\\src\\Illuminate\\Foundation\\Http\\Middleware\\ValidatePostSize.php(27): Illuminate\\Pipeline\\Pipeline->Illuminate\\Pipeline\\{closure}(Object(Illuminate\\Http\\Request))
#36 C:\\xampp\\htdocs\\ebook\\vendor\\laravel\\framework\\src\\Illuminate\\Pipeline\\Pipeline.php(167): Illuminate\\Foundation\\Http\\Middleware\\ValidatePostSize->handle(Object(Illuminate\\Http\\Request), Object(Closure))
#37 C:\\xampp\\htdocs\\ebook\\vendor\\laravel\\framework\\src\\Illuminate\\Foundation\\Http\\Middleware\\PreventRequestsDuringMaintenance.php(86): Illuminate\\Pipeline\\Pipeline->Illuminate\\Pipeline\\{closure}(Object(Illuminate\\Http\\Request))
#38 C:\\xampp\\htdocs\\ebook\\vendor\\laravel\\framework\\src\\Illuminate\\Pipeline\\Pipeline.php(167): Illuminate\\Foundation\\Http\\Middleware\\PreventRequestsDuringMaintenance->handle(Object(Illuminate\\Http\\Request), Object(Closure))
#39 C:\\xampp\\htdocs\\ebook\\vendor\\laravel\\framework\\src\\Illuminate\\Pipeline\\Pipeline.php(103): Illuminate\\Pipeline\\Pipeline->Illuminate\\Pipeline\\{closure}(Object(Illuminate\\Http\\Request))
#40 C:\\xampp\\htdocs\\ebook\\vendor\\laravel\\framework\\src\\Illuminate\\Foundation\\Http\\Kernel.php(142): Illuminate\\Pipeline\\Pipeline->then(Object(Closure))
#41 C:\\xampp\\htdocs\\ebook\\vendor\\laravel\\framework\\src\\Illuminate\\Foundation\\Http\\Kernel.php(111): Illuminate\\Foundation\\Http\\Kernel->sendRequestThroughRouter(Object(Illuminate\\Http\\Request))
#42 C:\\xampp\\htdocs\\ebook\\public\\index.php(55): Illuminate\\Foundation\\Http\\Kernel->handle(Object(Illuminate\\Http\\Request))
#43 {main}
"} 
[2025-05-12 20:25:10] development.ERROR: Carbon\Carbon::setLastErrors(): Argument #1 ($lastErrors) must be of type array, bool given, called in C:\xampp\htdocs\ebook\vendor\nesbot\carbon\src\Carbon\Traits\Creator.php on line 98 {"exception":"[object] (TypeError(code: 0): Carbon\\Carbon::setLastErrors(): Argument #1 ($lastErrors) must be of type array, bool given, called in C:\\xampp\\htdocs\\ebook\\vendor\\nesbot\\carbon\\src\\Carbon\\Traits\\Creator.php on line 98 at C:\\xampp\\htdocs\\ebook\\vendor\\nesbot\\carbon\\src\\Carbon\\Traits\\Creator.php:928)
[stacktrace]
#0 C:\\xampp\\htdocs\\ebook\\vendor\\nesbot\\carbon\\src\\Carbon\\Traits\\Creator.php(98): Carbon\\Carbon::setLastErrors(false)
#1 C:\\xampp\\htdocs\\ebook\\vendor\\nesbot\\carbon\\src\\Carbon\\Traits\\Creator.php(252): Carbon\\Carbon->__construct(NULL, NULL)
#2 C:\\xampp\\htdocs\\ebook\\vendor\\laravel\\framework\\src\\Illuminate\\Support\\DateFactory.php(217): Carbon\\Carbon::now()
#3 C:\\xampp\\htdocs\\ebook\\vendor\\laravel\\framework\\src\\Illuminate\\Support\\Facades\\Facade.php(261): Illuminate\\Support\\DateFactory->__call('now', Array)
#4 C:\\xampp\\htdocs\\ebook\\vendor\\laravel\\framework\\src\\Illuminate\\Console\\Scheduling\\ScheduleRunCommand.php(73): Illuminate\\Support\\Facades\\Facade::__callStatic('now', Array)
#5 [internal function]: Illuminate\\Console\\Scheduling\\ScheduleRunCommand->__construct()
#6 C:\\xampp\\htdocs\\ebook\\vendor\\laravel\\framework\\src\\Illuminate\\Container\\Container.php(917): ReflectionClass->newInstanceArgs(Array)
#7 C:\\xampp\\htdocs\\ebook\\vendor\\laravel\\framework\\src\\Illuminate\\Container\\Container.php(292): Illuminate\\Container\\Container->build('Illuminate\\\\Cons...')
#8 C:\\xampp\\htdocs\\ebook\\vendor\\laravel\\framework\\src\\Illuminate\\Container\\Container.php(873): Illuminate\\Container\\Container->Illuminate\\Container\\{closure}(Object(Illuminate\\Foundation\\Application), Array)
#9 C:\\xampp\\htdocs\\ebook\\vendor\\laravel\\framework\\src\\Illuminate\\Container\\Container.php(758): Illuminate\\Container\\Container->build(Object(Closure))
#10 C:\\xampp\\htdocs\\ebook\\vendor\\laravel\\framework\\src\\Illuminate\\Foundation\\Application.php(851): Illuminate\\Container\\Container->resolve('Illuminate\\\\Cons...', Array, true)
#11 C:\\xampp\\htdocs\\ebook\\vendor\\laravel\\framework\\src\\Illuminate\\Container\\Container.php(694): Illuminate\\Foundation\\Application->resolve('Illuminate\\\\Cons...', Array)
#12 C:\\xampp\\htdocs\\ebook\\vendor\\laravel\\framework\\src\\Illuminate\\Foundation\\Application.php(836): Illuminate\\Container\\Container->make('Illuminate\\\\Cons...', Array)
#13 C:\\xampp\\htdocs\\ebook\\vendor\\laravel\\framework\\src\\Illuminate\\Console\\Application.php(262): Illuminate\\Foundation\\Application->make('Illuminate\\\\Cons...')
#14 C:\\xampp\\htdocs\\ebook\\vendor\\laravel\\framework\\src\\Illuminate\\Console\\Application.php(276): Illuminate\\Console\\Application->resolve('Illuminate\\\\Cons...')
#15 C:\\xampp\\htdocs\\ebook\\vendor\\laravel\\framework\\src\\Illuminate\\Support\\ServiceProvider.php(404): Illuminate\\Console\\Application->resolveCommands(Array)
#16 C:\\xampp\\htdocs\\ebook\\vendor\\laravel\\framework\\src\\Illuminate\\Console\\Application.php(153): Illuminate\\Support\\ServiceProvider->Illuminate\\Support\\{closure}(Object(Illuminate\\Console\\Application))
#17 C:\\xampp\\htdocs\\ebook\\vendor\\laravel\\framework\\src\\Illuminate\\Console\\Application.php(74): Illuminate\\Console\\Application->bootstrap()
#18 C:\\xampp\\htdocs\\ebook\\vendor\\laravel\\framework\\src\\Illuminate\\Foundation\\Console\\Kernel.php(330): Illuminate\\Console\\Application->__construct(Object(Illuminate\\Foundation\\Application), Object(Illuminate\\Events\\Dispatcher), '8.83.23')
#19 C:\\xampp\\htdocs\\ebook\\vendor\\laravel\\framework\\src\\Illuminate\\Foundation\\Console\\Kernel.php(263): Illuminate\\Foundation\\Console\\Kernel->getArtisan()
#20 C:\\xampp\\htdocs\\ebook\\vendor\\laravel\\framework\\src\\Illuminate\\Support\\Facades\\Facade.php(261): Illuminate\\Foundation\\Console\\Kernel->call('view:clear')
#21 C:\\xampp\\htdocs\\ebook\\app\\Updater.php(29): Illuminate\\Support\\Facades\\Facade::__callStatic('call', Array)
#22 C:\\xampp\\htdocs\\ebook\\app\\Updater.php(15): App\\Updater::runClearCache()
#23 C:\\xampp\\htdocs\\ebook\\app\\Http\\Middleware\\RunUpdater.php(20): App\\Updater::run()
#24 C:\\xampp\\htdocs\\ebook\\vendor\\laravel\\framework\\src\\Illuminate\\Pipeline\\Pipeline.php(167): App\\Http\\Middleware\\RunUpdater->handle(Object(Illuminate\\Http\\Request), Object(Closure))
#25 C:\\xampp\\htdocs\\ebook\\app\\Http\\Middleware\\RedirectIfNotInstalled.php(22): Illuminate\\Pipeline\\Pipeline->Illuminate\\Pipeline\\{closure}(Object(Illuminate\\Http\\Request))
#26 C:\\xampp\\htdocs\\ebook\\vendor\\laravel\\framework\\src\\Illuminate\\Pipeline\\Pipeline.php(167): App\\Http\\Middleware\\RedirectIfNotInstalled->handle(Object(Illuminate\\Http\\Request), Object(Closure))
#27 C:\\xampp\\htdocs\\ebook\\vendor\\fideloper\\proxy\\src\\TrustProxies.php(57): Illuminate\\Pipeline\\Pipeline->Illuminate\\Pipeline\\{closure}(Object(Illuminate\\Http\\Request))
#28 C:\\xampp\\htdocs\\ebook\\vendor\\laravel\\framework\\src\\Illuminate\\Pipeline\\Pipeline.php(167): Fideloper\\Proxy\\TrustProxies->handle(Object(Illuminate\\Http\\Request), Object(Closure))
#29 C:\\xampp\\htdocs\\ebook\\vendor\\laravel\\framework\\src\\Illuminate\\Foundation\\Http\\Middleware\\TransformsRequest.php(21): Illuminate\\Pipeline\\Pipeline->Illuminate\\Pipeline\\{closure}(Object(Illuminate\\Http\\Request))
#30 C:\\xampp\\htdocs\\ebook\\vendor\\laravel\\framework\\src\\Illuminate\\Foundation\\Http\\Middleware\\ConvertEmptyStringsToNull.php(31): Illuminate\\Foundation\\Http\\Middleware\\TransformsRequest->handle(Object(Illuminate\\Http\\Request), Object(Closure))
#31 C:\\xampp\\htdocs\\ebook\\vendor\\laravel\\framework\\src\\Illuminate\\Pipeline\\Pipeline.php(167): Illuminate\\Foundation\\Http\\Middleware\\ConvertEmptyStringsToNull->handle(Object(Illuminate\\Http\\Request), Object(Closure))
#32 C:\\xampp\\htdocs\\ebook\\vendor\\laravel\\framework\\src\\Illuminate\\Foundation\\Http\\Middleware\\TransformsRequest.php(21): Illuminate\\Pipeline\\Pipeline->Illuminate\\Pipeline\\{closure}(Object(Illuminate\\Http\\Request))
#33 C:\\xampp\\htdocs\\ebook\\vendor\\laravel\\framework\\src\\Illuminate\\Foundation\\Http\\Middleware\\TrimStrings.php(40): Illuminate\\Foundation\\Http\\Middleware\\TransformsRequest->handle(Object(Illuminate\\Http\\Request), Object(Closure))
#34 C:\\xampp\\htdocs\\ebook\\vendor\\laravel\\framework\\src\\Illuminate\\Pipeline\\Pipeline.php(167): Illuminate\\Foundation\\Http\\Middleware\\TrimStrings->handle(Object(Illuminate\\Http\\Request), Object(Closure))
#35 C:\\xampp\\htdocs\\ebook\\vendor\\laravel\\framework\\src\\Illuminate\\Foundation\\Http\\Middleware\\ValidatePostSize.php(27): Illuminate\\Pipeline\\Pipeline->Illuminate\\Pipeline\\{closure}(Object(Illuminate\\Http\\Request))
#36 C:\\xampp\\htdocs\\ebook\\vendor\\laravel\\framework\\src\\Illuminate\\Pipeline\\Pipeline.php(167): Illuminate\\Foundation\\Http\\Middleware\\ValidatePostSize->handle(Object(Illuminate\\Http\\Request), Object(Closure))
#37 C:\\xampp\\htdocs\\ebook\\vendor\\laravel\\framework\\src\\Illuminate\\Foundation\\Http\\Middleware\\PreventRequestsDuringMaintenance.php(86): Illuminate\\Pipeline\\Pipeline->Illuminate\\Pipeline\\{closure}(Object(Illuminate\\Http\\Request))
#38 C:\\xampp\\htdocs\\ebook\\vendor\\laravel\\framework\\src\\Illuminate\\Pipeline\\Pipeline.php(167): Illuminate\\Foundation\\Http\\Middleware\\PreventRequestsDuringMaintenance->handle(Object(Illuminate\\Http\\Request), Object(Closure))
#39 C:\\xampp\\htdocs\\ebook\\vendor\\laravel\\framework\\src\\Illuminate\\Pipeline\\Pipeline.php(103): Illuminate\\Pipeline\\Pipeline->Illuminate\\Pipeline\\{closure}(Object(Illuminate\\Http\\Request))
#40 C:\\xampp\\htdocs\\ebook\\vendor\\laravel\\framework\\src\\Illuminate\\Foundation\\Http\\Kernel.php(142): Illuminate\\Pipeline\\Pipeline->then(Object(Closure))
#41 C:\\xampp\\htdocs\\ebook\\vendor\\laravel\\framework\\src\\Illuminate\\Foundation\\Http\\Kernel.php(111): Illuminate\\Foundation\\Http\\Kernel->sendRequestThroughRouter(Object(Illuminate\\Http\\Request))
#42 C:\\xampp\\htdocs\\ebook\\public\\index.php(55): Illuminate\\Foundation\\Http\\Kernel->handle(Object(Illuminate\\Http\\Request))
#43 {main}
"} 
